Started by user [8mha:////4LJeSPMTEs48zAYc7oH0udvE0acou0Y9U8VYzo5Pzl0PAAAAlx+LCAAAAAAAAP9b85aBtbiIQTGjNKU4P08vOT+vOD8nVc83PyU1x6OyILUoJzMv2y+/JJUBAhiZGBgqihhk0NSjKDWzXb3RdlLBUSYGJk8GtpzUvPSSDB8G5tKinBIGIZ+sxLJE/ZzEvHT94JKizLx0a6BxUmjGOUNodHsLgAzWEgZu/dLi1CL9xJTczDwAj6GcLcAAAAA=[0madmin
Running as SYSTEM
Building in workspace C:\Users\Admin1\Desktop\Tools\jenkins-2.319.1\JenkinsHome\workspace\AutoDeploymentTest
[AutoDeploymentTest] $ cmd /c call C:\Users\Admin1\AppData\Local\Temp\jenkins1053510585243193833.bat

C:\Users\Admin1\Desktop\Tools\jenkins-2.319.1\JenkinsHome\workspace\AutoDeploymentTest>java -Dfile.encoding=UTF8 
Usage: java [-options] class [args...]
           (to execute a class)
   or  java [-options] -jar jarfile [args...]
           (to execute a jar file)
where options include:
    -d32	  use a 32-bit data model if available
    -d64	  use a 64-bit data model if available
    -server	  to select the "server" VM
                  The default VM is server.

    -cp <class search path of directories and zip/jar files>
    -classpath <class search path of directories and zip/jar files>
                  A ; separated list of directories, JAR archives,
                  and ZIP archives to search for class files.
    -D<name>=<value>
                  set a system property
    -verbose:[class|gc|jni]
                  enable verbose output
    -version      print product version and exit
    -version:<value>
                  Warning: this feature is deprecated and will be removed
                  in a future release.
                  require the specified version to run
    -showversion  print product version and continue
    -jre-restrict-search | -no-jre-restrict-search
                  Warning: this feature is deprecated and will be removed
                  in a future release.
                  include/exclude user private JREs in the version search
    -? -help      print this help message
    -X            print help on non-standard options
    -ea[:<packagename>...|:<classname>]
    -enableassertions[:<packagename>...|:<classname>]
                  enable assertions with specified granularity
    -da[:<packagename>...|:<classname>]
    -disableassertions[:<packagename>...|:<classname>]
                  disable assertions with specified granularity
    -esa | -enablesystemassertions
                  enable system assertions
    -dsa | -disablesystemassertions
                  disable system assertions
    -agentlib:<libname>[=<options>]
                  load native agent library <libname>, e.g. -agentlib:hprof
                  see also, -agentlib:jdwp=help and -agentlib:hprof=help
    -agentpath:<pathname>[=<options>]
                  load native agent library by full pathname
    -javaagent:<jarpath>[=<options>]
                  load Java programming language agent, see java.lang.instrument
    -splash:<imagepath>
                  show splash screen with specified image
See http://www.oracle.com/technetwork/java/javase/documentation/index.html for more details.

C:\Users\Admin1\Desktop\Tools\jenkins-2.319.1\JenkinsHome\workspace\AutoDeploymentTest>cd C:\Users\Admin1\Desktop\Tools\jenkins-2.319.1\Projects\Jenkins-Git-Java 

C:\Users\Admin1\Desktop\Tools\jenkins-2.319.1\Projects\Jenkins-Git-Java>type Changes-new.txt 
This is Test file for new Git repo changes

And follow changes are the newest!
a. Change #1
b. Change #2
c. Change #3
d. Change #4
e. Change #5
C:\Users\Admin1\Desktop\Tools\jenkins-2.319.1\Projects\Jenkins-Git-Java>exit 0 
[DeployPublisher][INFO] Attempting to deploy 1 war file(s)
[DeployPublisher][INFO] Deploying C:\Users\Admin1\Desktop\Tools\jenkins-2.319.1\JenkinsHome\workspace\AutoDeploymentTest\sample.war to container Tomcat 8.x Remote with context sample.war
ERROR: Build step failed with exception
org.codehaus.cargo.container.ContainerException: The [cargo.remote.username] and [cargo.remote.password] properties are mandatory and need to be defined in your configuration.
	at org.codehaus.cargo.container.tomcat.internal.AbstractTomcatManagerDeployer.createManager(AbstractTomcatManagerDeployer.java:287)
	at org.codehaus.cargo.container.tomcat.internal.AbstractTomcatManagerDeployer.getTomcatManager(AbstractTomcatManagerDeployer.java:82)
	at org.codehaus.cargo.container.tomcat.internal.AbstractTomcatManagerDeployer.redeploy(AbstractTomcatManagerDeployer.java:161)
	at hudson.plugins.deploy.CargoContainerAdapter.deploy(CargoContainerAdapter.java:81)
	at hudson.plugins.deploy.CargoContainerAdapter$DeployCallable.invoke(CargoContainerAdapter.java:167)
	at hudson.plugins.deploy.CargoContainerAdapter$DeployCallable.invoke(CargoContainerAdapter.java:136)
	at hudson.FilePath.act(FilePath.java:1171)
	at hudson.FilePath.act(FilePath.java:1154)
	at hudson.plugins.deploy.CargoContainerAdapter.redeployFile(CargoContainerAdapter.java:133)
	at hudson.plugins.deploy.PasswordProtectedAdapterCargo.redeployFile(PasswordProtectedAdapterCargo.java:95)
	at hudson.plugins.deploy.DeployPublisher.perform(DeployPublisher.java:113)
	at jenkins.tasks.SimpleBuildStep.perform(SimpleBuildStep.java:123)
	at hudson.tasks.BuildStepCompatibilityLayer.perform(BuildStepCompatibilityLayer.java:78)
	at hudson.tasks.BuildStepMonitor$3.perform(BuildStepMonitor.java:47)
	at hudson.model.AbstractBuild$AbstractBuildExecution.perform(AbstractBuild.java:806)
	at hudson.model.AbstractBuild$AbstractBuildExecution.performAllBuildSteps(AbstractBuild.java:755)
	at hudson.model.Build$BuildExecution.post2(Build.java:178)
	at hudson.model.AbstractBuild$AbstractBuildExecution.post(AbstractBuild.java:699)
	at hudson.model.Run.execute(Run.java:1913)
	at hudson.model.FreeStyleBuild.run(FreeStyleBuild.java:43)
	at hudson.model.ResourceController.execute(ResourceController.java:99)
	at hudson.model.Executor.run(Executor.java:432)
Build step 'Deploy war/ear to a container' marked build as failure
Finished: FAILURE
