Started by user [8mha:////4LJeSPMTEs48zAYc7oH0udvE0acou0Y9U8VYzo5Pzl0PAAAAlx+LCAAAAAAAAP9b85aBtbiIQTGjNKU4P08vOT+vOD8nVc83PyU1x6OyILUoJzMv2y+/JJUBAhiZGBgqihhk0NSjKDWzXb3RdlLBUSYGJk8GtpzUvPSSDB8G5tKinBIGIZ+sxLJE/ZzEvHT94JKizLx0a6BxUmjGOUNodHsLgAzWEgZu/dLi1CL9xJTczDwAj6GcLcAAAAA=[0madmin
Running as SYSTEM
Building in workspace C:\Users\Admin1\Desktop\Tools\jenkins-2.319.1\JenkinsHome\workspace\AutoDeploymentTest
[AutoDeploymentTest] $ cmd /c call C:\Users\Admin1\AppData\Local\Temp\jenkins2847711236203525133.bat

C:\Users\Admin1\Desktop\Tools\jenkins-2.319.1\JenkinsHome\workspace\AutoDeploymentTest>chcp 65001 
"chcp" не является внутренней или внешней
командой, исполняемой программой или пакетным файлом.

C:\Users\Admin1\Desktop\Tools\jenkins-2.319.1\JenkinsHome\workspace\AutoDeploymentTest>dir
 Том в устройстве C имеет метку Windows8_OS
 Серийный номер тома: A866-BB9B

 Содержимое папки C:\Users\Admin1\Desktop\Tools\jenkins-2.319.1\JenkinsHome\workspace\AutoDeploymentTest

05.01.2022  00:57    <DIR>          .
05.01.2022  00:57    <DIR>          ..
05.01.2022  00:20             4 606 sample.war
               1 файлов          4 606 байт
               2 папок   2 298 761 216 байт свободно

C:\Users\Admin1\Desktop\Tools\jenkins-2.319.1\JenkinsHome\workspace\AutoDeploymentTest>exit 0 
[DeployPublisher][INFO] Attempting to deploy 1 war file(s)
[DeployPublisher][INFO] Deploying C:\Users\Admin1\Desktop\Tools\jenkins-2.319.1\JenkinsHome\workspace\AutoDeploymentTest\sample.war to container Tomcat 8.x Remote with context sample.war
ERROR: Build step failed with exception
org.codehaus.cargo.container.ContainerException: The [cargo.remote.username] and [cargo.remote.password] properties are mandatory and need to be defined in your configuration.
	at org.codehaus.cargo.container.tomcat.internal.AbstractTomcatManagerDeployer.createManager(AbstractTomcatManagerDeployer.java:287)
	at org.codehaus.cargo.container.tomcat.internal.AbstractTomcatManagerDeployer.getTomcatManager(AbstractTomcatManagerDeployer.java:82)
	at org.codehaus.cargo.container.tomcat.internal.AbstractTomcatManagerDeployer.redeploy(AbstractTomcatManagerDeployer.java:161)
	at hudson.plugins.deploy.CargoContainerAdapter.deploy(CargoContainerAdapter.java:81)
	at hudson.plugins.deploy.CargoContainerAdapter$DeployCallable.invoke(CargoContainerAdapter.java:167)
	at hudson.plugins.deploy.CargoContainerAdapter$DeployCallable.invoke(CargoContainerAdapter.java:136)
	at hudson.FilePath.act(FilePath.java:1171)
	at hudson.FilePath.act(FilePath.java:1154)
	at hudson.plugins.deploy.CargoContainerAdapter.redeployFile(CargoContainerAdapter.java:133)
	at hudson.plugins.deploy.PasswordProtectedAdapterCargo.redeployFile(PasswordProtectedAdapterCargo.java:95)
	at hudson.plugins.deploy.DeployPublisher.perform(DeployPublisher.java:113)
	at jenkins.tasks.SimpleBuildStep.perform(SimpleBuildStep.java:123)
	at hudson.tasks.BuildStepCompatibilityLayer.perform(BuildStepCompatibilityLayer.java:78)
	at hudson.tasks.BuildStepMonitor$3.perform(BuildStepMonitor.java:47)
	at hudson.model.AbstractBuild$AbstractBuildExecution.perform(AbstractBuild.java:806)
	at hudson.model.AbstractBuild$AbstractBuildExecution.performAllBuildSteps(AbstractBuild.java:755)
	at hudson.model.Build$BuildExecution.post2(Build.java:178)
	at hudson.model.AbstractBuild$AbstractBuildExecution.post(AbstractBuild.java:699)
	at hudson.model.Run.execute(Run.java:1913)
	at hudson.model.FreeStyleBuild.run(FreeStyleBuild.java:43)
	at hudson.model.ResourceController.execute(ResourceController.java:99)
	at hudson.model.Executor.run(Executor.java:432)
Build step 'Deploy war/ear to a container' marked build as failure
Finished: FAILURE
